<?xml version="1.0" encoding="UTF-8"?>
<!-- Generated by org.testng.reporters.JUnitXMLReporter -->
<testsuite hostname="admin-PC" ignored="2" name="Test_Sanity" tests="4" failures="0" timestamp="02 Jun 2021 16:36:22 GMT" time="0.272" errors="0">
  <testcase name="test1" time="0.043" classname="com.crm.testcases.TestNGGroupDemo"/>
  <testcase name="test2" time="0.017" classname="com.crm.testcases.TestNGGroupDemo"/>
  <testcase name="test5" time="0.005" classname="com.crm.testcases.TestNGGroupDemo"/>
  <testcase name="test6" time="0.036" classname="com.crm.testcases.TestNGGroupDemo"/>
  <testcase name="test3" time="0.0" classname="com.crm.testcases.TestNGGroupDemo">
    <ignored/>
  </testcase> <!-- test3 -->
  <testcase name="test4" time="0.0" classname="com.crm.testcases.TestNGGroupDemo">
    <ignored/>
  </testcase> <!-- test4 -->
</testsuite> <!-- Test_Sanity -->
