<?xml version="1.0" encoding="UTF-8"?>
<!-- Generated by org.testng.reporters.JUnitXMLReporter -->
<testsuite hostname="admin-PC" ignored="2" name="Test" tests="2" failures="2" timestamp="02 Jun 2021 16:56:17 GMT" time="0.175" errors="0">
  <testcase name="verifyHomePageTitleTest" time="0.043" classname="com.crm.testcases.HomePageTest">
    <failure type="java.lang.NullPointerException">
      <![CDATA[java.lang.NullPointerException
at com.crm.testcases.HomePageTest.verifyHomePageTitleTest(HomePageTest.java:88)
... Removed 25 stack frames]]>
    </failure>
  </testcase> <!-- verifyHomePageTitleTest -->
  <testcase name="verifyHomepageUserTest" time="0.006" classname="com.crm.testcases.HomePageTest">
    <failure type="java.lang.NullPointerException">
      <![CDATA[java.lang.NullPointerException
at com.crm.testcases.HomePageTest.verifyHomepageUserTest(HomePageTest.java:102)
... Removed 25 stack frames]]>
    </failure>
  </testcase> <!-- verifyHomepageUserTest -->
  <testcase name="loginTest" time="0.0" classname="com.crm.testcases.IndexPageTest">
    <ignored/>
  </testcase> <!-- loginTest -->
  <testcase name="validateCRMLogoTest" time="0.0" classname="com.crm.testcases.IndexPageTest">
    <ignored/>
  </testcase> <!-- validateCRMLogoTest -->
</testsuite> <!-- Test -->
